<?xml version="1.0" encoding="UTF-8"?>
<testng-results skipped="0" failed="0" total="1" passed="1">
  <reporter-output>
  </reporter-output>
  <suite name="Suite" duration-ms="15" started-at="2016-02-08T07:14:19Z" finished-at="2016-02-08T07:14:19Z">
    <groups>
    </groups>
    <test name="Test" duration-ms="15" started-at="2016-02-08T07:14:19Z" finished-at="2016-02-08T07:14:19Z">
      <class name="com.project.jenkins.JenkinsDemo">
        <test-method status="PASS" signature="sampleJenkin()[pri:0, instance:com.project.jenkins.JenkinsDemo@1d81bd16]" name="sampleJenkin" duration-ms="7" started-at="2016-02-07T23:14:19Z" finished-at="2016-02-07T23:14:19Z">
          <reporter-output>
          </reporter-output>
        </test-method> <!-- sampleJenkin -->
      </class> <!-- com.project.jenkins.JenkinsDemo -->
    </test> <!-- Test -->
  </suite> <!-- Suite -->
</testng-results>
